2024-03-28 03:32:09 INFO     Model: TransE
2024-03-28 03:32:09 INFO     Data Path: ../data/algebra2005
2024-03-28 03:32:09 INFO     #entity: 1770
2024-03-28 03:32:09 INFO     #relation: 304
2024-03-28 03:32:09 INFO     #train: 604962
2024-03-28 03:32:09 INFO     Model Parameter Configuration:
2024-03-28 03:32:09 INFO     Parameter gamma: torch.Size([1]), require_grad = False
2024-03-28 03:32:09 INFO     Parameter embedding_range: torch.Size([1]), require_grad = False
2024-03-28 03:32:09 INFO     Parameter entity_embedding: torch.Size([1770, 1000]), require_grad = True
2024-03-28 03:32:09 INFO     Parameter relation_embedding: torch.Size([304, 1000]), require_grad = True
2024-03-28 03:32:13 INFO     Ramdomly Initializing TransE Model...
2024-03-28 03:32:13 INFO     Start Training...
2024-03-28 03:32:13 INFO     init_step = 0
2024-03-28 03:32:13 INFO     batch_size = 1024
2024-03-28 03:32:13 INFO     negative_adversarial_sampling = 1
2024-03-28 03:32:13 INFO     hidden_dim = 1000
2024-03-28 03:32:13 INFO     gamma = 12.000000
2024-03-28 03:32:13 INFO     negative_adversarial_sampling = True
2024-03-28 03:32:13 INFO     adversarial_temperature = 1.000000
2024-03-28 03:32:13 INFO     learning_rate = 0
2024-03-28 03:32:14 INFO     Training average positive_sample_loss at step 0: 0.434714
2024-03-28 03:32:14 INFO     Training average negative_sample_loss at step 0: 1.220911
2024-03-28 03:32:14 INFO     Training average loss at step 0: 0.827812
2024-03-28 03:32:17 INFO     Training average positive_sample_loss at step 100: 0.705803
2024-03-28 03:32:17 INFO     Training average negative_sample_loss at step 100: 0.686011
2024-03-28 03:32:17 INFO     Training average loss at step 100: 0.695907
2024-03-28 03:32:20 INFO     Training average positive_sample_loss at step 200: 0.660535
2024-03-28 03:32:20 INFO     Training average negative_sample_loss at step 200: 0.640102
2024-03-28 03:32:20 INFO     Training average loss at step 200: 0.650318
2024-03-28 03:32:22 INFO     Training average positive_sample_loss at step 300: 0.681625
2024-03-28 03:32:22 INFO     Training average negative_sample_loss at step 300: 0.641521
2024-03-28 03:32:22 INFO     Training average loss at step 300: 0.661573
2024-03-28 03:32:24 INFO     Training average positive_sample_loss at step 400: 0.691114
2024-03-28 03:32:24 INFO     Training average negative_sample_loss at step 400: 0.643025
2024-03-28 03:32:24 INFO     Training average loss at step 400: 0.667070
2024-03-28 03:32:27 INFO     Training average positive_sample_loss at step 500: 0.696004
2024-03-28 03:32:27 INFO     Training average negative_sample_loss at step 500: 0.641924
2024-03-28 03:32:27 INFO     Training average loss at step 500: 0.668964
2024-03-28 03:32:29 INFO     Training average positive_sample_loss at step 600: 0.696779
2024-03-28 03:32:29 INFO     Training average negative_sample_loss at step 600: 0.641390
2024-03-28 03:32:29 INFO     Training average loss at step 600: 0.669084
2024-03-28 03:32:32 INFO     Training average positive_sample_loss at step 700: 0.699623
2024-03-28 03:32:32 INFO     Training average negative_sample_loss at step 700: 0.642425
2024-03-28 03:32:32 INFO     Training average loss at step 700: 0.671024
2024-03-28 03:32:34 INFO     Training average positive_sample_loss at step 800: 0.699681
2024-03-28 03:32:34 INFO     Training average negative_sample_loss at step 800: 0.639799
2024-03-28 03:32:34 INFO     Training average loss at step 800: 0.669740
2024-03-28 03:32:37 INFO     Training average positive_sample_loss at step 900: 0.700728
2024-03-28 03:32:37 INFO     Training average negative_sample_loss at step 900: 0.639565
2024-03-28 03:32:37 INFO     Training average loss at step 900: 0.670146
2024-03-28 03:32:39 INFO     Training average positive_sample_loss at step 1000: 0.701320
2024-03-28 03:32:39 INFO     Training average negative_sample_loss at step 1000: 0.638561
2024-03-28 03:32:39 INFO     Training average loss at step 1000: 0.669940
2024-03-28 03:32:42 INFO     Training average positive_sample_loss at step 1100: 0.700281
2024-03-28 03:32:42 INFO     Training average negative_sample_loss at step 1100: 0.638308
2024-03-28 03:32:42 INFO     Training average loss at step 1100: 0.669294
2024-03-28 03:32:45 INFO     Training average positive_sample_loss at step 1200: 0.700818
2024-03-28 03:32:45 INFO     Training average negative_sample_loss at step 1200: 0.636673
2024-03-28 03:32:45 INFO     Training average loss at step 1200: 0.668746
2024-03-28 03:32:48 INFO     Training average positive_sample_loss at step 1300: 0.698401
2024-03-28 03:32:48 INFO     Training average negative_sample_loss at step 1300: 0.633445
2024-03-28 03:32:48 INFO     Training average loss at step 1300: 0.665923
2024-03-28 03:32:51 INFO     Training average positive_sample_loss at step 1400: 0.699526
2024-03-28 03:32:51 INFO     Training average negative_sample_loss at step 1400: 0.635950
2024-03-28 03:32:51 INFO     Training average loss at step 1400: 0.667738
2024-03-28 03:32:53 INFO     Training average positive_sample_loss at step 1500: 0.701141
2024-03-28 03:32:53 INFO     Training average negative_sample_loss at step 1500: 0.636423
2024-03-28 03:32:53 INFO     Training average loss at step 1500: 0.668782
2024-03-28 03:32:55 INFO     Training average positive_sample_loss at step 1600: 0.700539
2024-03-28 03:32:55 INFO     Training average negative_sample_loss at step 1600: 0.636092
2024-03-28 03:32:55 INFO     Training average loss at step 1600: 0.668316
2024-03-28 03:32:58 INFO     Training average positive_sample_loss at step 1700: 0.702246
2024-03-28 03:32:58 INFO     Training average negative_sample_loss at step 1700: 0.636071
2024-03-28 03:32:58 INFO     Training average loss at step 1700: 0.669158
2024-03-28 03:33:00 INFO     Training average positive_sample_loss at step 1800: 0.700059
2024-03-28 03:33:00 INFO     Training average negative_sample_loss at step 1800: 0.634789
2024-03-28 03:33:00 INFO     Training average loss at step 1800: 0.667424
2024-03-28 03:33:02 INFO     Training average positive_sample_loss at step 1900: 0.700480
2024-03-28 03:33:02 INFO     Training average negative_sample_loss at step 1900: 0.634568
2024-03-28 03:33:02 INFO     Training average loss at step 1900: 0.667524
2024-03-28 03:33:05 INFO     Training average positive_sample_loss at step 2000: 0.700649
2024-03-28 03:33:05 INFO     Training average negative_sample_loss at step 2000: 0.634549
2024-03-28 03:33:05 INFO     Training average loss at step 2000: 0.667599
2024-03-28 03:33:07 INFO     Training average positive_sample_loss at step 2100: 0.699678
2024-03-28 03:33:07 INFO     Training average negative_sample_loss at step 2100: 0.634247
2024-03-28 03:33:07 INFO     Training average loss at step 2100: 0.666962
2024-03-28 03:33:10 INFO     Training average positive_sample_loss at step 2200: 0.700780
2024-03-28 03:33:10 INFO     Training average negative_sample_loss at step 2200: 0.634569
2024-03-28 03:33:10 INFO     Training average loss at step 2200: 0.667674
2024-03-28 03:33:12 INFO     Training average positive_sample_loss at step 2300: 0.699760
2024-03-28 03:33:12 INFO     Training average negative_sample_loss at step 2300: 0.633399
2024-03-28 03:33:12 INFO     Training average loss at step 2300: 0.666580
2024-03-28 03:33:16 INFO     Training average positive_sample_loss at step 2400: 0.697516
2024-03-28 03:33:16 INFO     Training average negative_sample_loss at step 2400: 0.629340
2024-03-28 03:33:16 INFO     Training average loss at step 2400: 0.663428
2024-03-28 03:33:19 INFO     Training average positive_sample_loss at step 2500: 0.696960
2024-03-28 03:33:19 INFO     Training average negative_sample_loss at step 2500: 0.629094
2024-03-28 03:33:19 INFO     Training average loss at step 2500: 0.663027
2024-03-28 03:33:21 INFO     Training average positive_sample_loss at step 2600: 0.698683
2024-03-28 03:33:21 INFO     Training average negative_sample_loss at step 2600: 0.632307
2024-03-28 03:33:21 INFO     Training average loss at step 2600: 0.665495
2024-03-28 03:33:24 INFO     Training average positive_sample_loss at step 2700: 0.699717
2024-03-28 03:33:24 INFO     Training average negative_sample_loss at step 2700: 0.632309
2024-03-28 03:33:24 INFO     Training average loss at step 2700: 0.666013
2024-03-28 03:33:26 INFO     Training average positive_sample_loss at step 2800: 0.699396
2024-03-28 03:33:26 INFO     Training average negative_sample_loss at step 2800: 0.631549
2024-03-28 03:33:26 INFO     Training average loss at step 2800: 0.665473
2024-03-28 03:33:29 INFO     Training average positive_sample_loss at step 2900: 0.699267
2024-03-28 03:33:29 INFO     Training average negative_sample_loss at step 2900: 0.632607
2024-03-28 03:33:29 INFO     Training average loss at step 2900: 0.665937
2024-03-28 03:33:31 INFO     Training average positive_sample_loss at step 3000: 0.700543
2024-03-28 03:33:31 INFO     Training average negative_sample_loss at step 3000: 0.632859
2024-03-28 03:33:31 INFO     Training average loss at step 3000: 0.666701
2024-03-28 03:33:33 INFO     Training average positive_sample_loss at step 3100: 0.700272
2024-03-28 03:33:33 INFO     Training average negative_sample_loss at step 3100: 0.631170
2024-03-28 03:33:33 INFO     Training average loss at step 3100: 0.665721
2024-03-28 03:33:36 INFO     Training average positive_sample_loss at step 3200: 0.699286
2024-03-28 03:33:36 INFO     Training average negative_sample_loss at step 3200: 0.631518
2024-03-28 03:33:36 INFO     Training average loss at step 3200: 0.665402
2024-03-28 03:33:38 INFO     Training average positive_sample_loss at step 3300: 0.700763
2024-03-28 03:33:38 INFO     Training average negative_sample_loss at step 3300: 0.630920
2024-03-28 03:33:38 INFO     Training average loss at step 3300: 0.665842
2024-03-28 03:33:41 INFO     Training average positive_sample_loss at step 3400: 0.699216
2024-03-28 03:33:41 INFO     Training average negative_sample_loss at step 3400: 0.631256
2024-03-28 03:33:41 INFO     Training average loss at step 3400: 0.665236
2024-03-28 03:33:43 INFO     Training average positive_sample_loss at step 3500: 0.700514
2024-03-28 03:33:43 INFO     Training average negative_sample_loss at step 3500: 0.632218
2024-03-28 03:33:43 INFO     Training average loss at step 3500: 0.666366
2024-03-28 03:33:47 INFO     Training average positive_sample_loss at step 3600: 0.696229
2024-03-28 03:33:47 INFO     Training average negative_sample_loss at step 3600: 0.626052
2024-03-28 03:33:47 INFO     Training average loss at step 3600: 0.661141
